d:\比特科技\比特代码\concurrentmemorypool\concurrentmemorypool\debug\vc120.pdb
d:\比特科技\比特代码\concurrentmemorypool\concurrentmemorypool\debug\vc120.idb
d:\比特科技\比特代码\concurrentmemorypool\concurrentmemorypool\debug\centalcache.obj
d:\比特科技\比特代码\concurrentmemorypool\concurrentmemorypool\debug\test.obj
d:\比特科技\比特代码\concurrentmemorypool\concurrentmemorypool\debug\threadcache.obj
d:\比特科技\比特代码\concurrentmemorypool\debug\concurrentmemorypool.ilk
d:\比特科技\比特代码\concurrentmemorypool\debug\concurrentmemorypool.exe
d:\比特科技\比特代码\concurrentmemorypool\debug\concurrentmemorypool.pdb
e:\github\c-practice\concurrentmemorypool\concurrentmemorypool\debug\centalcache.obj
e:\github\c-practice\concurrentmemorypool\concurrentmemorypool\debug\test.obj
e:\github\c-practice\concurrentmemorypool\concurrentmemorypool\debug\threadcache.obj
e:\github\c-practice\concurrentmemorypool\concurrentmemorypool\debug\vc120.idb
e:\github\c-practice\concurrentmemorypool\concurrentmemorypool\debug\vc142.idb
e:\github\c-practice\concurrentmemorypool\concurrentmemorypool\debug\vc120.pdb
e:\github\c-practice\concurrentmemorypool\concurrentmemorypool\debug\vc142.pdb
e:\github\c-practice\concurrentmemorypool\debug\concurrentmemorypool.pdb
e:\github\c-practice\concurrentmemorypool\debug\concurrentmemorypool.exe
e:\github\c-practice\concurrentmemorypool\debug\concurrentmemorypool.ilk
e:\github\c-practice\concurrentmemorypool\concurrentmemorypool\debug\concurre.b051c27b.tlog\cl.command.1.tlog
e:\github\c-practice\concurrentmemorypool\concurrentmemorypool\debug\concurre.b051c27b.tlog\cl.read.1.tlog
e:\github\c-practice\concurrentmemorypool\concurrentmemorypool\debug\concurre.b051c27b.tlog\cl.write.1.tlog
e:\github\c-practice\concurrentmemorypool\concurrentmemorypool\debug\concurre.b051c27b.tlog\link.command.1.tlog
e:\github\c-practice\concurrentmemorypool\concurrentmemorypool\debug\concurre.b051c27b.tlog\link.read.1.tlog
e:\github\c-practice\concurrentmemorypool\concurrentmemorypool\debug\concurre.b051c27b.tlog\link.write.1.tlog
