e:\github\c-practice\datastruct\datastruct\debug\vc142.pdb
e:\github\c-practice\datastruct\datastruct\debug\vc142.idb
e:\github\c-practice\datastruct\datastruct\debug\maintest.obj
e:\github\c-practice\datastruct\debug\datastruct.pdb
e:\github\c-practice\datastruct\datastruct\debug\datastruct.tlog\cl.command.1.tlog
e:\github\c-practice\datastruct\datastruct\debug\datastruct.tlog\cl.read.1.tlog
e:\github\c-practice\datastruct\datastruct\debug\datastruct.tlog\cl.write.1.tlog
e:\github\c-practice\datastruct\datastruct\debug\datastruct.tlog\link-cvtres.read.1.tlog
e:\github\c-practice\datastruct\datastruct\debug\datastruct.tlog\link-cvtres.write.1.tlog
e:\github\c-practice\datastruct\datastruct\debug\datastruct.tlog\link-rc.read.1.tlog
e:\github\c-practice\datastruct\datastruct\debug\datastruct.tlog\link-rc.write.1.tlog
e:\github\c-practice\datastruct\datastruct\debug\datastruct.tlog\link.2400-cvtres.read.1.tlog
e:\github\c-practice\datastruct\datastruct\debug\datastruct.tlog\link.2400-cvtres.write.1.tlog
e:\github\c-practice\datastruct\datastruct\debug\datastruct.tlog\link.2400-rc.read.1.tlog
e:\github\c-practice\datastruct\datastruct\debug\datastruct.tlog\link.2400-rc.write.1.tlog
e:\github\c-practice\datastruct\datastruct\debug\datastruct.tlog\link.2400.read.1.tlog
e:\github\c-practice\datastruct\datastruct\debug\datastruct.tlog\link.2400.write.1.tlog
e:\github\c-practice\datastruct\datastruct\debug\datastruct.tlog\link.command.1.tlog
e:\github\c-practice\datastruct\datastruct\debug\datastruct.tlog\link.read.1.tlog
e:\github\c-practice\datastruct\datastruct\debug\datastruct.tlog\link.write.1.tlog
